<?xml version="1.0" encoding="UTF-8"?>
<!-- Generated by org.testng.reporters.JUnitReportReporter -->
<testsuite skipped="0" hostname="DESKTOP-9AJO5BL" name="Pages.DropDownTests" tests="1" failures="0" timestamp="2021-11-21T14:41:04 GMT+01:00" time="0.954" errors="0">
  <testcase name="SelectOption1" time="0.954" classname="Pages.DropDownTests"/>
</testsuite> <!-- Pages.DropDownTests -->
