<?xml version="1.0" encoding="UTF-8"?>
<!-- Generated by org.testng.reporters.JUnitReportReporter -->
<testsuite skipped="0" hostname="DESKTOP-9AJO5BL" name="Alerts.AlertsTests" tests="1" failures="0" timestamp="2021-11-27T21:40:43 GMT+01:00" time="0.804" errors="0">
  <testcase name="click_to_accept_alert_prompt" time="0.804" classname="Alerts.AlertsTests"/>
</testsuite> <!-- Alerts.AlertsTests -->
