<?xml version="1.0" encoding="UTF-8"?>
<!-- Generated by org.testng.reporters.JUnitReportReporter -->
<testsuite skipped="0" hostname="DESKTOP-9AJO5BL" name="keys.KeysTests" tests="1" failures="0" timestamp="2021-11-27T14:41:23 GMT+01:00" time="2.052" errors="0">
  <testcase name="SendKeys" time="2.052" classname="keys.KeysTests"/>
</testsuite> <!-- keys.KeysTests -->
