<?xml version="1.0" encoding="UTF-8"?>
<!-- Generated by org.testng.reporters.JUnitReportReporter -->
<testsuite skipped="0" hostname="DESKTOP-9AJO5BL" name="Files.FilesTests" tests="1" failures="0" timestamp="2021-11-28T15:24:15 GMT+01:00" time="3.715" errors="0">
  <testcase name="Upload_file_test" time="3.715" classname="Files.FilesTests"/>
</testsuite> <!-- Files.FilesTests -->
