<?xml version="1.0" encoding="UTF-8"?>
<!-- Generated by org.testng.reporters.JUnitReportReporter -->
<testsuite skipped="0" hostname="DESKTOP-9AJO5BL" name="Alerts.MenuContextTests" tests="1" failures="0" timestamp="2021-11-28T16:56:14 GMT+01:00" time="0.843" errors="0">
  <testcase name="Menu_context_click" time="0.843" classname="Alerts.MenuContextTests"/>
</testsuite> <!-- Alerts.MenuContextTests -->
