<?xml version="1.0" encoding="UTF-8"?>
<!-- Generated by org.testng.reporters.JUnitReportReporter -->
<testsuite skipped="0" hostname="DESKTOP-9AJO5BL" name="Pages.LoginTests" tests="1" failures="0" timestamp="2021-11-28T14:53:59 GMT+01:00" time="3.879" errors="0">
  <testcase name="SuccessLoginAction" time="3.879" classname="Pages.LoginTests"/>
</testsuite> <!-- Pages.LoginTests -->
