<?xml version="1.0" encoding="UTF-8"?>
<!-- Generated by org.testng.reporters.JUnitReportReporter -->
<testsuite skipped="0" hostname="DESKTOP-9AJO5BL" name="Alerts.IframeTests" tests="1" failures="0" timestamp="2021-11-28T19:52:12 GMT+01:00" time="8.095" errors="0">
  <testcase name="send_text_to_iframe" time="8.095" classname="Alerts.IframeTests"/>
</testsuite> <!-- Alerts.IframeTests -->
