<?xml version="1.0" encoding="UTF-8"?>
<!-- Generated by org.testng.reporters.JUnitReportReporter -->
<testsuite skipped="0" hostname="DESKTOP-9AJO5BL" name="Selenium_practice.WebDriver_test.BaseTests" tests="1" failures="0" timestamp="2021-11-28T15:28:43 GMT+01:00" time="7.571" errors="0">
  <testcase name="SetUp" time="7.571" classname="Selenium_practice.WebDriver_test.BaseTests"/>
</testsuite> <!-- Selenium_practice.WebDriver_test.BaseTests -->
